<?xml version="1.0" encoding="UTF-8"?>
<!-- Generated by org.testng.reporters.JUnitReportReporter -->
<testsuite hostname="Admin-PC" failures="0" tests="1" name="com.crm.vtiger.testcases.TestNg.CreateContactTestNGTest" time="28.257" errors="0" timestamp="2022-06-24T15:26:27 IST" skipped="0">
  <testcase classname="com.crm.vtiger.testcases.TestNg.CreateContactTestNGTest" name="createContactTest" time="28.257"/>
  <system-out/>
</testsuite> <!-- com.crm.vtiger.testcases.TestNg.CreateContactTestNGTest -->
